setplaneconst(): dconst=1.000000
RESHAPE
GL Projection
1.406251, 0.000000, 0.000000, -0.000000
0.000000, 2.500001, 0.000000, -0.000000
0.000000, 0.000000, -1.002002, -0.200200
0.000000, 0.000000, -1.000000, -0.000000
My Projection
2.500000, 0.000000, 0.000000, 0.000000
0.000000, 2.500000, 0.000000, 0.000000
0.000000, 0.000000, -1.002002, -0.200200
0.000000, 0.000000, -1.000000, 0.000000
GL LOOKAT  MATRIX
1.000000  0.000000  0.000000  0.000000
0.000000  1.000000  0.000000  0.000000
0.000000  0.000000  1.000000  -5.000000
0.000000  0.000000  0.000000  1.000000
GL PROJECTION  MATRIX
2.500001  0.000000  0.000000  -0.000000
0.000000  2.500001  0.000000  -0.000000
0.000000  0.000000  -1.002002  -0.200200
0.000000  0.000000  -1.000000  -0.000000
GL MODELVIEW MATRIX
1.000000  0.000000  0.000000  0.000000
0.000000  1.000000  0.000000  0.000000
0.000000  0.000000  1.000000  -5.000000
0.000000  0.000000  0.000000  1.000000
MINMAX: -1.000000, -0.401198, -5.550898, 1.000000, 0.401198, -4.449102
rank=318767104, istrt=278, istop=442, jstrt=279, jstop=1000
w=1280, h=720
start,stop=37841678397797, 37842259043135
GL LOOKAT  MATRIX
1.000000  0.000000  0.000000  0.000000
0.000000  1.000000  0.000000  0.000000
0.000000  0.000000  1.000000  -5.000000
0.000000  0.000000  0.000000  1.000000
GL PROJECTION  MATRIX
2.500001  0.000000  0.000000  -0.000000
0.000000  2.500001  0.000000  -0.000000
0.000000  0.000000  -1.002002  -0.200200
0.000000  0.000000  -1.000000  -0.000000
GL MODELVIEW MATRIX
1.000000  0.000000  0.000000  0.000000
0.000000  1.000000  0.000000  0.000000
0.000000  0.000000  1.000000  -5.000000
0.000000  0.000000  0.000000  1.000000
MINMAX: -1.000000, -0.401198, -5.550898, 1.000000, 0.401198, -4.449102
rank=318767104, istrt=278, istop=442, jstrt=279, jstop=1000
w=1280, h=720
start,stop=37842297949924, 37842840369937
GL LOOKAT  MATRIX
1.000000  0.000000  0.000000  0.000000
0.000000  1.000000  0.000000  0.000000
0.000000  0.000000  1.000000  -5.000000
0.000000  0.000000  0.000000  1.000000
GL PROJECTION  MATRIX
2.500001  0.000000  0.000000  -0.000000
0.000000  2.500001  0.000000  -0.000000
0.000000  0.000000  -1.002002  -0.200200
0.000000  0.000000  -1.000000  -0.000000
GL MODELVIEW MATRIX
0.999997  -0.000190  -0.002244  0.000000
0.000190  1.000000  -0.000110  0.000000
0.002244  0.000109  0.999997  -5.000000
0.000000  0.000000  0.000000  1.000000
MINMAX: -1.001310, -0.401448, -5.553185, 1.001310, 0.401448, -4.446815
rank=318767104, istrt=278, istop=442, jstrt=279, jstop=1000
w=1280, h=720
start,stop=37844298055190, 37844841138857
GL LOOKAT  MATRIX
1.000000  0.000000  0.000000  0.000000
0.000000  1.000000  0.000000  0.000000
0.000000  0.000000  1.000000  -5.000000
0.000000  0.000000  0.000000  1.000000
GL PROJECTION  MATRIX
2.500001  0.000000  0.000000  -0.000000
0.000000  2.500001  0.000000  -0.000000
0.000000  0.000000  -1.002002  -0.200200
0.000000  0.000000  -1.000000  -0.000000
GL MODELVIEW MATRIX
0.970568  0.073634  -0.229294  0.000000
-0.121193  0.972104  -0.200816  0.000000
0.208110  0.222694  0.952417  -5.000000
0.000000  0.000000  0.000000  1.000000
MINMAX: -1.126427, -0.621827, -5.822139, 1.126427, 0.621827, -4.177861
rank=318767104, istrt=231, istop=460, jstrt=261, jstop=985
w=1280, h=720
start,stop=37844844134761, 37845580795722
GL LOOKAT  MATRIX
1.000000  0.000000  0.000000  0.000000
0.000000  1.000000  0.000000  0.000000
0.000000  0.000000  1.000000  -5.000000
0.000000  0.000000  0.000000  1.000000
GL PROJECTION  MATRIX
2.500001  0.000000  0.000000  -0.000000
0.000000  2.500001  0.000000  -0.000000
0.000000  0.000000  -1.002002  -0.200200
0.000000  0.000000  -1.000000  -0.000000
GL MODELVIEW MATRIX
0.911252  0.079177  -0.404166  0.000000
-0.203431  0.939806  -0.274555  0.000000
0.358099  0.332409  0.872508  -5.000000
0.000000  0.000000  0.000000  1.000000
MINMAX: -1.165672, -0.731731, -5.972124, 1.165672, 0.731731, -4.027876
rank=318767104, istrt=206, istop=476, jstrt=267, jstop=1014
w=1280, h=720
start,stop=37845585676136, 37846413402161
GL LOOKAT  MATRIX
1.000000  0.000000  0.000000  0.000000
0.000000  1.000000  0.000000  0.000000
0.000000  0.000000  1.000000  -5.000000
0.000000  0.000000  0.000000  1.000000
GL PROJECTION  MATRIX
2.500001  0.000000  0.000000  -0.000000
0.000000  2.500001  0.000000  -0.000000
0.000000  0.000000  -1.002002  -0.200200
0.000000  0.000000  -1.000000  -0.000000
GL MODELVIEW MATRIX
0.790192  0.055606  -0.610331  0.000000
-0.262711  0.930471  -0.255357  0.000000
0.553696  0.362122  0.749859  -5.000000
0.000000  0.000000  0.000000  1.000000
MINMAX: -1.148731, -0.776689, -6.112074, 1.148731, 0.776689, -3.887926
rank=318767104, istrt=192, istop=481, jstrt=285, jstop=1030
w=1280, h=720
start,stop=37846418193081, 37847240717969
GL LOOKAT  MATRIX
1.000000  0.000000  0.000000  0.000000
0.000000  1.000000  0.000000  0.000000
0.000000  0.000000  1.000000  -5.000000
0.000000  0.000000  0.000000  1.000000
GL PROJECTION  MATRIX
2.500001  0.000000  0.000000  -0.000000
0.000000  2.500001  0.000000  -0.000000
0.000000  0.000000  -1.002002  -0.200200
0.000000  0.000000  -1.000000  -0.000000
GL MODELVIEW MATRIX
0.613294  0.034926  -0.789082  0.000000
-0.293052  0.937778  -0.186260  0.000000
0.733479  0.345474  0.585369  -5.000000
0.000000  0.000000  0.000000  1.000000
MINMAX: -1.062010, -0.771897, -6.194561, 1.062010, 0.771897, -3.805439
rank=318767104, istrt=189, istop=478, jstrt=325, jstop=1022
w=1280, h=720
start,stop=37847245974490, 37848054588026
GL LOOKAT  MATRIX
1.000000  0.000000  0.000000  0.000000
0.000000  1.000000  0.000000  0.000000
0.000000  0.000000  1.000000  -5.000000
0.000000  0.000000  0.000000  1.000000
GL PROJECTION  MATRIX
2.500001  0.000000  0.000000  -0.000000
0.000000  2.500001  0.000000  -0.000000
0.000000  0.000000  -1.002002  -0.200200
0.000000  0.000000  -1.000000  -0.000000
GL MODELVIEW MATRIX
0.605606  0.042913  -0.794607  0.000000
-0.283003  0.944879  -0.164662  0.000000
0.743741  0.324597  0.584369  -5.000000
0.000000  0.000000  0.000000  1.000000
MINMAX: -1.060570, -0.752798, -6.195896, 1.060570, 0.752798, -3.804104
rank=318767104, istrt=192, istop=475, jstrt=329, jstop=1022
w=1280, h=720
start,stop=37848059169504, 37848871737399
GL LOOKAT  MATRIX
1.000000  0.000000  0.000000  0.000000
0.000000  1.000000  0.000000  0.000000
0.000000  0.000000  1.000000  -5.000000
0.000000  0.000000  0.000000  1.000000
GL PROJECTION  MATRIX
2.500001  0.000000  0.000000  -0.000000
0.000000  2.500001  0.000000  -0.000000
0.000000  0.000000  -1.002002  -0.200200
0.000000  0.000000  -1.000000  -0.000000
GL MODELVIEW MATRIX
0.874721  0.101227  -0.473938  0.000000
-0.198407  0.967031  -0.159643  0.000000
0.442152  0.233676  0.865966  -5.000000
0.000000  0.000000  0.000000  1.000000
MINMAX: -1.176424, -0.674325, -6.012961, 1.176424, 0.674325, -3.987039
rank=318767104, istrt=214, istop=465, jstrt=267, jstop=1021
w=1280, h=720
start,stop=37848877251278, 37849692887213
GL LOOKAT  MATRIX
1.000000  0.000000  0.000000  0.000000
0.000000  1.000000  0.000000  0.000000
0.000000  0.000000  1.000000  -5.000000
0.000000  0.000000  0.000000  1.000000
GL PROJECTION  MATRIX
2.500001  0.000000  0.000000  -0.000000
0.000000  2.500001  0.000000  -0.000000
0.000000  0.000000  -1.002002  -0.200200
0.000000  0.000000  -1.000000  -0.000000
GL MODELVIEW MATRIX
0.960699  0.086944  -0.263624  0.000000
-0.082485  0.996200  0.027957  0.000000
0.265053  -0.005113  0.964220  -5.000000
0.000000  0.000000  0.000000  1.000000
MINMAX: -1.140811, -0.497559, -5.798292, 1.140811, 0.497559, -4.201708
rank=318767104, istrt=259, istop=455, jstrt=253, jstop=987
w=1280, h=720
start,stop=37849697634755, 37850284082431
GL LOOKAT  MATRIX
1.000000  0.000000  0.000000  0.000000
0.000000  1.000000  0.000000  0.000000
0.000000  0.000000  1.000000  -5.000000
0.000000  0.000000  0.000000  1.000000
GL PROJECTION  MATRIX
2.500001  0.000000  0.000000  -0.000000
0.000000  2.500001  0.000000  -0.000000
0.000000  0.000000  -1.002002  -0.200200
0.000000  0.000000  -1.000000  -0.000000
GL MODELVIEW MATRIX
0.991459  0.020338  -0.128823  0.000000
0.011088  0.971046  0.238633  0.000000
0.129947  -0.238024  0.962527  -5.000000
0.000000  0.000000  0.000000  1.000000
MINMAX: -1.070587, -0.532132, -5.755695, 1.070587, 0.532132, -4.244305
rank=318767104, istrt=272, istop=468, jstrt=259, jstop=984
w=1280, h=720
start,stop=37850288693913, 37850898976013
GL LOOKAT  MATRIX
1.000000  0.000000  0.000000  0.000000
0.000000  1.000000  0.000000  0.000000
0.000000  0.000000  1.000000  -5.000000
0.000000  0.000000  0.000000  1.000000
GL PROJECTION  MATRIX
2.500001  0.000000  0.000000  -0.000000
0.000000  2.500001  0.000000  -0.000000
0.000000  0.000000  -1.002002  -0.200200
0.000000  0.000000  -1.000000  -0.000000
GL MODELVIEW MATRIX
0.988945  -0.074932  -0.127955  0.000000
0.124342  0.889199  0.440301  0.000000
0.080784  -0.451344  0.888686  -5.000000
0.000000  0.000000  0.000000  1.000000
MINMAX: -1.089498, -0.723648, -5.751438, 1.089498, 0.723648, -4.248562
rank=318767104, istrt=238, istop=502, jstrt=266, jstop=998
w=1280, h=720
start,stop=37850902464068, 37851553835764
GL LOOKAT  MATRIX
1.000000  0.000000  0.000000  0.000000
0.000000  1.000000  0.000000  0.000000
0.000000  0.000000  1.000000  -5.000000
0.000000  0.000000  0.000000  1.000000
GL PROJECTION  MATRIX
2.500001  0.000000  0.000000  -0.000000
0.000000  2.500001  0.000000  -0.000000
0.000000  0.000000  -1.002002  -0.200200
0.000000  0.000000  -1.000000  -0.000000
GL MODELVIEW MATRIX
0.981386  0.029499  -0.189767  0.000000
0.005266  0.983628  0.180135  0.000000
0.191974  -0.177781  0.965163  -5.000000
0.000000  0.000000  0.000000  1.000000
MINMAX: -1.097763, -0.499131, -5.795006, 1.097763, 0.499131, -4.204994
rank=318767104, istrt=276, istop=464, jstrt=256, jstop=970
w=1280, h=720
start,stop=37851557709970, 37852168181897
GL LOOKAT  MATRIX
1.000000  0.000000  0.000000  0.000000
0.000000  1.000000  0.000000  0.000000
0.000000  0.000000  1.000000  -5.000000
0.000000  0.000000  0.000000  1.000000
GL PROJECTION  MATRIX
2.500001  0.000000  0.000000  -0.000000
0.000000  2.500001  0.000000  -0.000000
0.000000  0.000000  -1.002002  -0.200200
0.000000  0.000000  -1.000000  -0.000000
GL MODELVIEW MATRIX
0.925518  0.196620  -0.323663  0.000000
-0.312988  0.878291  -0.361445  0.000000
0.213203  0.435827  0.874414  -5.000000
0.000000  0.000000  0.000000  1.000000
MINMAX: -1.182706, -0.864476, -5.869769, 1.182706, 0.864476, -4.130231
rank=318767104, istrt=185, istop=501, jstrt=253, jstop=1012
w=1280, h=720
start,stop=37852172370059, 37852999598273
GL LOOKAT  MATRIX
1.000000  0.000000  0.000000  0.000000
0.000000  1.000000  0.000000  0.000000
0.000000  0.000000  1.000000  -5.000000
0.000000  0.000000  0.000000  1.000000
GL PROJECTION  MATRIX
2.500001  0.000000  0.000000  -0.000000
0.000000  2.500001  0.000000  -0.000000
0.000000  0.000000  -1.002002  -0.200200
0.000000  0.000000  -1.000000  -0.000000
GL MODELVIEW MATRIX
0.895468  0.301260  -0.327689  0.000000
-0.442474  0.522191  -0.729063  0.000000
-0.048521  0.797847  0.600905  -5.000000
0.000000  0.000000  0.000000  1.000000
MINMAX: -1.196856, -1.053616, -5.699653, 1.196856, 1.053616, -4.300347
rank=318767104, istrt=171, istop=552, jstrt=251, jstop=1019
w=1280, h=720
start,stop=37853004263447, 37853760637125
GL LOOKAT  MATRIX
1.000000  0.000000  0.000000  0.000000
0.000000  1.000000  0.000000  0.000000
0.000000  0.000000  1.000000  -5.000000
0.000000  0.000000  0.000000  1.000000
GL PROJECTION  MATRIX
2.500001  0.000000  0.000000  -0.000000
0.000000  2.500001  0.000000  -0.000000
0.000000  0.000000  -1.002002  -0.200200
0.000000  0.000000  -1.000000  -0.000000
GL MODELVIEW MATRIX
0.888616  0.310920  -0.337180  0.000000
-0.452313  0.472266  -0.756556  0.000000
-0.075990  0.824799  0.560296  -5.000000
0.000000  0.000000  0.000000  1.000000
MINMAX: -1.199108, -1.058571, -5.715563, 1.199108, 1.058571, -4.284437
rank=318767104, istrt=172, istop=555, jstrt=251, jstop=1020
w=1280, h=720
start,stop=37853765210475, 37854520274564
GL LOOKAT  MATRIX
1.000000  0.000000  0.000000  0.000000
0.000000  1.000000  0.000000  0.000000
0.000000  0.000000  1.000000  -5.000000
0.000000  0.000000  0.000000  1.000000
GL PROJECTION  MATRIX
2.500001  0.000000  0.000000  -0.000000
0.000000  2.500001  0.000000  -0.000000
0.000000  0.000000  -1.002002  -0.200200
0.000000  0.000000  -1.000000  -0.000000
GL MODELVIEW MATRIX
0.888616  0.310920  -0.337180  0.000000
-0.452313  0.472266  -0.756556  0.000000
-0.075990  0.824799  0.560296  -5.000000
0.000000  0.000000  0.000000  1.000000
MINMAX: -1.199108, -1.058571, -5.715563, 1.199108, 1.058571, -4.284437
rank=318767104, istrt=172, istop=555, jstrt=251, jstop=1020
w=1280, h=720
start,stop=37857925143827, 37858682363496
GL LOOKAT  MATRIX
1.000000  0.000000  0.000000  0.000000
0.000000  1.000000  0.000000  0.000000
0.000000  0.000000  1.000000  -5.000000
0.000000  0.000000  0.000000  1.000000
GL PROJECTION  MATRIX
2.500001  0.000000  0.000000  -0.000000
0.000000  2.500001  0.000000  -0.000000
0.000000  0.000000  -1.002002  -0.200200
0.000000  0.000000  -1.000000  -0.000000
GL MODELVIEW MATRIX
0.888511  0.309508  -0.338752  0.000000
-0.452838  0.472294  -0.756225  0.000000
-0.074067  0.825314  0.559795  -5.000000
0.000000  0.000000  0.000000  1.000000
MINMAX: -1.199303, -1.058924, -5.713571, 1.199303, 1.058924, -4.286429
rank=318767104, istrt=172, istop=555, jstrt=251, jstop=1020
w=1280, h=720
start,stop=37859731950248, 37860502219096
GL LOOKAT  MATRIX
1.000000  0.000000  0.000000  0.000000
0.000000  1.000000  0.000000  0.000000
0.000000  0.000000  1.000000  -5.000000
0.000000  0.000000  0.000000  1.000000
GL PROJECTION  MATRIX
2.500001  0.000000  0.000000  -0.000000
0.000000  2.500001  0.000000  -0.000000
0.000000  0.000000  -1.002002  -0.200200
0.000000  0.000000  -1.000000  -0.000000
GL MODELVIEW MATRIX
0.709583  -0.094221  -0.698294  0.000000
-0.553567  0.538607  -0.635190  0.000000
0.435955  0.837272  0.330028  -5.000000
0.000000  0.000000  0.000000  1.000000
MINMAX: -1.132073, -1.119579, -5.953678, 1.132073, 1.119579, -4.046322
rank=318767104, istrt=145, istop=551, jstrt=271, jstop=1024
w=1280, h=720
start,stop=37860508109956, 37861275043612
GL LOOKAT  MATRIX
1.000000  0.000000  0.000000  0.000000
0.000000  1.000000  0.000000  0.000000
0.000000  0.000000  1.000000  -5.000000
0.000000  0.000000  0.000000  1.000000
GL PROJECTION  MATRIX
2.500001  0.000000  0.000000  -0.000000
0.000000  2.500001  0.000000  -0.000000
0.000000  0.000000  -1.002002  -0.200200
0.000000  0.000000  -1.000000  -0.000000
GL MODELVIEW MATRIX
0.615547  -0.197306  -0.763002  0.000000
-0.570177  0.556864  -0.603987  0.000000
0.544059  0.806829  0.230277  -5.000000
0.000000  0.000000  0.000000  1.000000
MINMAX: -1.115042, -1.126325, -5.994616, 1.115042, 1.126325, -4.005384
rank=318767104, istrt=141, istop=550, jstrt=289, jstop=1004
w=1280, h=720
start,stop=37861279640375, 37862035187757
GL LOOKAT  MATRIX
1.000000  0.000000  0.000000  0.000000
0.000000  1.000000  0.000000  0.000000
0.000000  0.000000  1.000000  -5.000000
0.000000  0.000000  0.000000  1.000000
GL PROJECTION  MATRIX
2.500001  0.000000  0.000000  -0.000000
0.000000  2.500001  0.000000  -0.000000
0.000000  0.000000  -1.002002  -0.200200
0.000000  0.000000  -1.000000  -0.000000
GL MODELVIEW MATRIX
0.356532  -0.372775  -0.856693  0.000000
-0.562308  0.646662  -0.515401  0.000000
0.746120  0.665482  0.020941  -5.000000
0.000000  0.000000  0.000000  1.000000
MINMAX: -0.978039, -1.105680, -6.024646, 0.978039, 1.105680, -3.975354
rank=318767104, istrt=138, istop=542, jstrt=353, jstop=986
w=1280, h=720
start,stop=37862037835497, 37862725677635
GL LOOKAT  MATRIX
1.000000  0.000000  0.000000  0.000000
0.000000  1.000000  0.000000  0.000000
0.000000  0.000000  1.000000  -5.000000
0.000000  0.000000  0.000000  1.000000
GL PROJECTION  MATRIX
2.500001  0.000000  0.000000  -0.000000
0.000000  2.500001  0.000000  -0.000000
0.000000  0.000000  -1.002002  -0.200200
0.000000  0.000000  -1.000000  -0.000000
GL MODELVIEW MATRIX
0.356532  -0.372775  -0.856693  0.000000
-0.562308  0.646662  -0.515401  0.000000
0.746120  0.665482  0.020941  -5.000000
0.000000  0.000000  0.000000  1.000000
MINMAX: -0.978039, -1.105680, -6.024646, 0.978039, 1.105680, -3.975354
rank=318767104, istrt=138, istop=542, jstrt=353, jstop=986
w=1280, h=720
start,stop=37862730475061, 37863397089168
